H:\VORTEX\RKH\DEMO\CROSS\SHARED\BUILD\80X86\WIN32_ST\VC\DEBUG\RKHFWK_SCHED.OBJ
H:\VORTEX\RKH\DEMO\CROSS\SHARED\BUILD\80X86\WIN32_ST\VC\DEBUG\RKHFWK_VERSION.OBJ
H:\VORTEX\RKH\DEMO\CROSS\SHARED\BUILD\80X86\WIN32_ST\VC\DEBUG\RKHMEMPOOL.OBJ
H:\VORTEX\RKH\DEMO\CROSS\SHARED\BUILD\80X86\WIN32_ST\VC\DEBUG\RKHPORT.OBJ
H:\VORTEX\RKH\DEMO\CROSS\SHARED\BUILD\80X86\WIN32_ST\VC\DEBUG\RKHQUEUE.OBJ
H:\VORTEX\RKH\DEMO\CROSS\SHARED\BUILD\80X86\WIN32_ST\VC\DEBUG\RKHSMA.OBJ
H:\VORTEX\RKH\DEMO\CROSS\SHARED\BUILD\80X86\WIN32_ST\VC\DEBUG\RKHSMA_PRIO.OBJ
H:\VORTEX\RKH\DEMO\CROSS\SHARED\BUILD\80X86\WIN32_ST\VC\DEBUG\RKHSM.OBJ
H:\VORTEX\RKH\DEMO\CROSS\SHARED\BUILD\80X86\WIN32_ST\VC\DEBUG\RKHTMR.OBJ
H:\VORTEX\RKH\DEMO\CROSS\SHARED\BUILD\80X86\WIN32_ST\VC\DEBUG\RKHTRC_FILTER.OBJ
H:\VORTEX\RKH\DEMO\CROSS\SHARED\BUILD\80X86\WIN32_ST\VC\DEBUG\RKHTRC_RECORD.OBJ
H:\VORTEX\RKH\DEMO\CROSS\SHARED\BUILD\80X86\WIN32_ST\VC\DEBUG\RKHTRC_STREAM.OBJ
H:\VORTEX\RKH\DEMO\CROSS\SHARED\BUILD\80X86\WIN32_ST\VC\DEBUG\ASSERT.OBJ
H:\VORTEX\RKH\DEMO\CROSS\SHARED\BUILD\80X86\WIN32_ST\VC\DEBUG\GETOPT.OBJ
H:\VORTEX\RKH\DEMO\CROSS\SHARED\BUILD\80X86\WIN32_ST\VC\DEBUG\HOOK.OBJ
H:\VORTEX\RKH\DEMO\CROSS\SHARED\BUILD\80X86\WIN32_ST\VC\DEBUG\TRACE_IO.OBJ
H:\VORTEX\RKH\DEMO\CROSS\SHARED\BUILD\80X86\WIN32_ST\VC\DEBUG\TRACE_IO_TCP.OBJ
H:\VORTEX\RKH\DEMO\CROSS\SHARED\BUILD\80X86\WIN32_ST\VC\DEBUG\MAIN.OBJ
H:\VORTEX\RKH\DEMO\CROSS\SHARED\BUILD\80X86\WIN32_ST\VC\DEBUG\RKHFWK_BITTBL.OBJ
H:\VORTEX\RKH\DEMO\CROSS\SHARED\BUILD\80X86\WIN32_ST\VC\DEBUG\RKHFWK_DYNEVT.OBJ
H:\VORTEX\RKH\DEMO\CROSS\SHARED\BUILD\80X86\WIN32_ST\VC\DEBUG\RKHFWK_EVTPOOL.OBJ
H:\VORTEX\RKH\DEMO\CROSS\SHARED\BUILD\80X86\WIN32_ST\VC\DEBUG\VC110.PDB
h:\vortex\rkh\demo\cross\shared\build\80x86\win32_st\vc\Debug\assert.obj
h:\vortex\rkh\demo\cross\shared\build\80x86\win32_st\vc\Debug\getopt.obj
h:\vortex\rkh\demo\cross\shared\build\80x86\win32_st\vc\Debug\hook.obj
h:\vortex\rkh\demo\cross\shared\build\80x86\win32_st\vc\Debug\main.obj
h:\vortex\rkh\demo\cross\shared\build\80x86\win32_st\vc\Debug\rkhfwk_bittbl.obj
h:\vortex\rkh\demo\cross\shared\build\80x86\win32_st\vc\Debug\rkhfwk_dynevt.obj
h:\vortex\rkh\demo\cross\shared\build\80x86\win32_st\vc\Debug\rkhfwk_evtpool.obj
h:\vortex\rkh\demo\cross\shared\build\80x86\win32_st\vc\Debug\rkhfwk_sched.obj
h:\vortex\rkh\demo\cross\shared\build\80x86\win32_st\vc\Debug\rkhfwk_version.obj
h:\vortex\rkh\demo\cross\shared\build\80x86\win32_st\vc\Debug\rkhmempool.obj
h:\vortex\rkh\demo\cross\shared\build\80x86\win32_st\vc\Debug\rkhport.obj
h:\vortex\rkh\demo\cross\shared\build\80x86\win32_st\vc\Debug\rkhqueue.obj
h:\vortex\rkh\demo\cross\shared\build\80x86\win32_st\vc\Debug\rkhsm.obj
h:\vortex\rkh\demo\cross\shared\build\80x86\win32_st\vc\Debug\rkhsma.obj
h:\vortex\rkh\demo\cross\shared\build\80x86\win32_st\vc\Debug\rkhsma_prio.obj
h:\vortex\rkh\demo\cross\shared\build\80x86\win32_st\vc\Debug\rkhtmr.obj
h:\vortex\rkh\demo\cross\shared\build\80x86\win32_st\vc\Debug\rkhtrc_filter.obj
h:\vortex\rkh\demo\cross\shared\build\80x86\win32_st\vc\Debug\rkhtrc_record.obj
h:\vortex\rkh\demo\cross\shared\build\80x86\win32_st\vc\Debug\rkhtrc_stream.obj
h:\vortex\rkh\demo\cross\shared\build\80x86\win32_st\vc\Debug\trace_io.obj
h:\vortex\rkh\demo\cross\shared\build\80x86\win32_st\vc\Debug\trace_io_tcp.obj
h:\vortex\rkh\demo\cross\shared\build\80x86\win32_st\vc\Debug\cl.command.1.tlog
h:\vortex\rkh\demo\cross\shared\build\80x86\win32_st\vc\Debug\CL.read.1.tlog
h:\vortex\rkh\demo\cross\shared\build\80x86\win32_st\vc\Debug\CL.write.1.tlog
h:\vortex\rkh\demo\cross\shared\build\80x86\win32_st\vc\Debug\vc110.idb
h:\vortex\rkh\demo\cross\shared\build\80x86\win32_st\vc\Debug\vc110.pdb
